Array
(
)

Array
(
)

Array
(
)

Active Subscriptions
Array
(
)

Has Subscriptions: 
Active Subscriptions
Array
(
)

Has Subscriptions: 
Active Subscriptions
Array
(
)

Has Subscriptions: 
cf id 3
cf id 3 gmid 5
Array
(
    [gmId] => 8
    [_wpnonce] => 5a8f190356
    [ID] => 0
    [filter] => display
)

cf id 3 gmid 8
Array
(
    [gmId] => 7, 35
    [member_id] => undefined
    [_wpnonce] => 5a8f190356
    [ID] => 0
    [filter] => display
)

cf id 3 gmid 7, 35
Array
(
    [gmId] => 6
    [member_id] => 34
    [_wpnonce] => 5a8f190356
    [ID] => 0
    [filter] => display
)

cf id 3 gmid 6
Array
(
    [gmId] => 9
    [member_id] => 37
    [_wpnonce] => 5a8f190356
    [ID] => 0
    [filter] => display
)

cf id 3 gmid 9
Array
(
    [gmId] => 10
    [member_id] => 38
    [_wpnonce] => 5a8f190356
    [ID] => 0
    [filter] => display
)

cf id 3 gmid 10
